{"total": {"lines":{"total":178,"covered":144,"skipped":0,"pct":80.89},"statements":{"total":178,"covered":144,"skipped":0,"pct":80.89},"functions":{"total":30,"covered":29,"skipped":0,"pct":96.66},"branches":{"total":51,"covered":44,"skipped":0,"pct":86.27},"branchesTrue":{"total":0,"covered":0,"skipped":0,"pct":"Unknown"}}
,"C:\\Users\\hallo\\Documents\\augment-projects\\dcc_webview\\packages\\auroraview-sdk\\src\\core\\bridge.ts": {"lines":{"total":119,"covered":85,"skipped":0,"pct":71.42},"functions":{"total":20,"covered":19,"skipped":0,"pct":95},"statements":{"total":119,"covered":85,"skipped":0,"pct":71.42},"branches":{"total":28,"covered":21,"skipped":0,"pct":75}}
,"C:\\Users\\hallo\\Documents\\augment-projects\\dcc_webview\\packages\\auroraview-sdk\\src\\core\\events.ts": {"lines":{"total":59,"covered":59,"skipped":0,"pct":100},"functions":{"total":10,"covered":10,"skipped":0,"pct":100},"statements":{"total":59,"covered":59,"skipped":0,"pct":100},"branches":{"total":23,"covered":23,"skipped":0,"pct":100}}
,"C:\\Users\\hallo\\Documents\\augment-projects\\dcc_webview\\packages\\auroraview-sdk\\src\\core\\types.ts": {"lines":{"total":0,"covered":0,"skipped":0,"pct":100},"functions":{"total":0,"covered":0,"skipped":0,"pct":100},"statements":{"total":0,"covered":0,"skipped":0,"pct":100},"branches":{"total":0,"covered":0,"skipped":0,"pct":100}}
}
