TN:
SF:src\core\bridge.ts
FN:73,AuroraViewClientImpl
FN:81,installTriggerIntercept
FN:85,install
FN:90,bridge.trigger
FN:117,call
FN:125,invoke
FN:133,emit
FN:140,on
FN:144,once
FN:148,off
FN:152,isReady
FN:156,whenReady
FN:186,getRawBridge
FN:190,get fs
FN:194,get dialog
FN:198,get clipboard
FN:202,get shell
FN:206,get state
FN:217,createAuroraView
FN:227,getAuroraView
FNF:20
FNH:19
FNDA:1,AuroraViewClientImpl
FNDA:1,installTriggerIntercept
FNDA:1,install
FNDA:0,bridge.trigger
FNDA:1,call
FNDA:1,invoke
FNDA:1,emit
FNDA:2,on
FNDA:1,once
FNDA:1,off
FNDA:2,isReady
FNDA:1,whenReady
FNDA:1,getRawBridge
FNDA:1,get fs
FNDA:1,get dialog
FNDA:1,get clipboard
FNDA:1,get shell
FNDA:1,get state
FNDA:18,createAuroraView
FNDA:1,getAuroraView
DA:7,1
DA:69,1
DA:71,1
DA:73,1
DA:74,1
DA:75,1
DA:76,1
DA:81,1
DA:82,1
DA:83,1
DA:85,1
DA:86,1
DA:87,1
DA:89,1
DA:90,1
DA:92,0
DA:94,0
DA:95,0
DA:97,1
DA:98,1
DA:101,1
DA:102,1
DA:103,1
DA:105,0
DA:106,0
DA:107,0
DA:108,0
DA:109,0
DA:110,0
DA:113,0
DA:114,0
DA:115,1
DA:117,1
DA:118,1
DA:119,1
DA:120,0
DA:121,0
DA:122,1
DA:123,1
DA:125,1
DA:126,1
DA:127,1
DA:128,0
DA:129,0
DA:130,1
DA:131,1
DA:133,1
DA:134,1
DA:135,1
DA:136,1
DA:137,1
DA:138,1
DA:140,1
DA:141,2
DA:142,2
DA:144,1
DA:145,1
DA:146,1
DA:148,1
DA:149,1
DA:150,1
DA:152,1
DA:153,2
DA:154,2
DA:156,1
DA:157,1
DA:158,1
DA:159,1
DA:160,1
DA:161,0
DA:162,0
DA:163,0
DA:164,0
DA:165,0
DA:167,0
DA:168,0
DA:169,0
DA:170,0
DA:171,0
DA:172,0
DA:173,0
DA:174,0
DA:175,0
DA:178,0
DA:179,0
DA:180,0
DA:181,0
DA:182,0
DA:183,1
DA:184,1
DA:186,1
DA:187,1
DA:188,1
DA:190,1
DA:191,1
DA:192,1
DA:194,1
DA:195,1
DA:196,1
DA:198,1
DA:199,1
DA:200,1
DA:202,1
DA:203,1
DA:204,1
DA:206,1
DA:207,1
DA:208,1
DA:209,1
DA:212,1
DA:217,1
DA:218,18
DA:219,1
DA:220,1
DA:221,18
DA:222,18
DA:227,1
DA:228,1
DA:229,1
LF:119
LH:85
BRDA:73,0,0,1
BRDA:81,1,0,1
BRDA:82,2,0,0
BRDA:83,3,0,0
BRDA:103,4,0,0
BRDA:85,5,0,1
BRDA:87,6,0,0
BRDA:117,7,0,1
BRDA:119,8,0,0
BRDA:125,9,0,1
BRDA:127,10,0,0
BRDA:133,11,0,1
BRDA:140,12,0,2
BRDA:144,13,0,1
BRDA:148,14,0,1
BRDA:152,15,0,2
BRDA:156,16,0,1
BRDA:157,17,0,1
BRDA:160,18,0,0
BRDA:186,19,0,1
BRDA:190,20,0,1
BRDA:194,21,0,1
BRDA:198,22,0,1
BRDA:202,23,0,1
BRDA:206,24,0,1
BRDA:217,25,0,18
BRDA:218,26,0,1
BRDA:227,27,0,1
BRF:28
BRH:21
end_of_record
TN:
SF:src\core\events.ts
FN:12,EventEmitter
FN:21,on
FN:43,once
FN:44,wrapper
FN:57,emit
FN:75,off
FN:87,hasHandlers
FN:96,handlerCount
FN:103,clear
FN:114,getGlobalEmitter
FNF:10
FNH:10
FNDA:13,EventEmitter
FNDA:20,on
FNDA:2,once
FNDA:1,wrapper
FNDA:10,emit
FNDA:3,off
FNDA:10,hasHandlers
FNDA:3,handlerCount
FNDA:1,clear
FNDA:4,getGlobalEmitter
DA:12,1
DA:13,13
DA:21,1
DA:22,20
DA:23,15
DA:24,15
DA:25,20
DA:26,20
DA:29,20
DA:30,5
DA:31,5
DA:32,4
DA:33,4
DA:34,5
DA:35,20
DA:43,1
DA:44,2
DA:45,1
DA:46,1
DA:47,1
DA:48,2
DA:49,2
DA:50,2
DA:57,1
DA:58,10
DA:59,10
DA:61,6
DA:62,8
DA:63,8
DA:64,8
DA:65,1
DA:66,1
DA:67,6
DA:68,10
DA:75,1
DA:76,3
DA:77,2
DA:78,3
DA:79,1
DA:80,1
DA:81,3
DA:87,1
DA:88,10
DA:89,10
DA:90,10
DA:96,1
DA:97,3
DA:98,3
DA:103,1
DA:104,1
DA:105,1
DA:106,1
DA:109,1
DA:114,1
DA:115,4
DA:116,1
DA:117,1
DA:118,4
DA:119,4
LF:59
LH:59
BRDA:12,0,0,13
BRDA:21,1,0,20
BRDA:22,2,0,15
BRDA:29,3,0,5
BRDA:31,4,0,4
BRDA:43,5,0,2
BRDA:44,6,0,1
BRDA:57,7,0,10
BRDA:59,8,0,4
BRDA:59,9,0,6
BRDA:61,10,0,8
BRDA:64,11,0,1
BRDA:75,12,0,3
BRDA:76,13,0,2
BRDA:78,14,0,1
BRDA:87,15,0,10
BRDA:89,16,0,5
BRDA:96,17,0,3
BRDA:97,18,0,2
BRDA:97,19,0,1
BRDA:103,20,0,1
BRDA:114,21,0,4
BRDA:115,22,0,1
BRF:23
BRH:23
end_of_record
TN:
SF:src\core\types.ts
FNF:0
FNH:0
LF:0
LH:0
BRF:0
BRH:0
end_of_record
